<?xml version="1.0" encoding="UTF-8"?>
<!-- Generated by org.testng.reporters.JUnitReportReporter -->
<testsuite hostname="Yis-MacBook-Pro.local" name="com.weightwatchers.testcases.SamplePageTest" tests="2" failures="0" timestamp="2 Feb 2018 17:47:42 GMT" time="0.418" errors="0">
  <testcase name="storeName" time="0.253" classname="com.weightwatchers.testcases.SamplePageTest"/>
  <testcase name="getElementText" time="0.165" classname="com.weightwatchers.testcases.SamplePageTest"/>
</testsuite> <!-- com.weightwatchers.testcases.SamplePageTest -->
